Using pre-set license
Built from '2020.3/staging' branch; Version is '2020.3.25f1 (9b9180224418) revision 10195328'; Using compiler version '192528614'; Build Type 'Release'
OS: 'Windows 10  (10.0.19042) 64bit Core' Language: 'ko' Physical Memory: 16217 MB
BatchMode: 1, IsHumanControllingUs: 0, StartBugReporterOnCrash: 0, Is64bit: 1, IsPro: 0

COMMAND LINE ARGUMENTS:
C:\Program Files\Unity\Hub\Editor\2020.3.25f1\Editor\Unity.exe
-adb2
-batchMode
-noUpm
-name
AssetImportWorker0
-projectPath
C:/Users/kimsa/Documents/GitHub/211227/New Unity Project
-logFile
Logs/AssetImportWorker0.log
-srvPort
2584
Successfully changed project path to: C:/Users/kimsa/Documents/GitHub/211227/New Unity Project
C:/Users/kimsa/Documents/GitHub/211227/New Unity Project
Using Asset Import Pipeline V2.
Refreshing native plugins compatible for Editor in 53.26 ms, found 2 plugins.
Preloading 0 native plugins for Editor in 0.00 ms.
Initialize engine version: 2020.3.25f1 (9b9180224418)
[Subsystems] Discovering subsystems at path C:/Program Files/Unity/Hub/Editor/2020.3.25f1/Editor/Data/Resources/UnitySubsystems
[Subsystems] Discovering subsystems at path C:/Users/kimsa/Documents/GitHub/211227/New Unity Project/Assets
GfxDevice: creating device client; threaded=0
Direct3D:
    Version:  Direct3D 11.0 [level 11.1]
    Renderer: Intel(R) UHD Graphics 620 (ID=0x5917)
    Vendor:   
    VRAM:     8108 MB
    Driver:   23.20.16.4849
Initialize mono
Mono path[0] = 'C:/Program Files/Unity/Hub/Editor/2020.3.25f1/Editor/Data/Managed'
Mono path[1] = 'C:/Program Files/Unity/Hub/Editor/2020.3.25f1/Editor/Data/MonoBleedingEdge/lib/mono/unityjit'
Mono config path = 'C:/Program Files/Unity/Hub/Editor/2020.3.25f1/Editor/Data/MonoBleedingEdge/etc'
Using monoOptions --debugger-agent=transport=dt_socket,embedding=1,server=y,suspend=n,address=127.0.0.1:56964
Begin MonoManager ReloadAssembly
Registering precompiled unity dll's ...
Register platform support module: C:/Program Files/Unity/Hub/Editor/2020.3.25f1/Editor/Data/PlaybackEngines/WindowsStandaloneSupport/UnityEditor.WindowsStandalone.Extensions.dll
Registered in 0.006463 seconds.
Native extension for WindowsStandalone target not found
Refreshing native plugins compatible for Editor in 54.52 ms, found 2 plugins.
Preloading 0 native plugins for Editor in 0.00 ms.
Mono: successfully reloaded assembly
- Completed reload, in  0.917 seconds
Domain Reload Profiling:
	ReloadAssembly (918ms)
		BeginReloadAssembly (123ms)
			ExecutionOrderSort (0ms)
			DisableScriptedObjects (0ms)
			BackupInstance (0ms)
			ReleaseScriptingObjects (0ms)
			CreateAndSetChildDomain (1ms)
		EndReloadAssembly (676ms)
			LoadAssemblies (117ms)
			RebuildTransferFunctionScriptingTraits (0ms)
			SetupTypeCache (201ms)
			ReleaseScriptCaches (0ms)
			RebuildScriptCaches (50ms)
			SetupLoadedEditorAssemblies (236ms)
				LogAssemblyErrors (0ms)
				InitializePlatformSupportModulesInManaged (7ms)
				SetLoadedEditorAssemblies (0ms)
				RefreshPlugins (55ms)
				BeforeProcessingInitializeOnLoad (12ms)
				ProcessInitializeOnLoadAttributes (119ms)
				ProcessInitializeOnLoadMethodAttributes (41ms)
				AfterProcessingInitializeOnLoad (0ms)
				EditorAssembliesLoaded (0ms)
			ExecutionOrderSort2 (0ms)
			AwakeInstancesAfterBackupRestoration (0ms)
Platform modules already initialized, skipping
Registering precompiled user dll's ...
Registered in 0.017172 seconds.
Begin MonoManager ReloadAssembly
Native extension for WindowsStandalone target not found
Refreshing native plugins compatible for Editor in 0.47 ms, found 2 plugins.
Preloading 0 native plugins for Editor in 0.00 ms.
Mono: successfully reloaded assembly
- Completed reload, in  1.576 seconds
Domain Reload Profiling:
	ReloadAssembly (1577ms)
		BeginReloadAssembly (228ms)
			ExecutionOrderSort (0ms)
			DisableScriptedObjects (6ms)
			BackupInstance (0ms)
			ReleaseScriptingObjects (0ms)
			CreateAndSetChildDomain (24ms)
		EndReloadAssembly (1220ms)
			LoadAssemblies (178ms)
			RebuildTransferFunctionScriptingTraits (0ms)
			SetupTypeCache (428ms)
			ReleaseScriptCaches (0ms)
			RebuildScriptCaches (52ms)
			SetupLoadedEditorAssemblies (461ms)
				LogAssemblyErrors (0ms)
				InitializePlatformSupportModulesInManaged (6ms)
				SetLoadedEditorAssemblies (1ms)
				RefreshPlugins (1ms)
				BeforeProcessingInitializeOnLoad (91ms)
				ProcessInitializeOnLoadAttributes (323ms)
				ProcessInitializeOnLoadMethodAttributes (16ms)
				AfterProcessingInitializeOnLoad (25ms)
				EditorAssembliesLoaded (0ms)
			ExecutionOrderSort2 (0ms)
			AwakeInstancesAfterBackupRestoration (7ms)
Platform modules already initialized, skipping
========================================================================
Worker process is ready to serve import requests
Launched and connected shader compiler UnityShaderCompiler.exe after 0.15 seconds
Refreshing native plugins compatible for Editor in 0.69 ms, found 2 plugins.
Preloading 0 native plugins for Editor in 0.00 ms.
Unloading 1500 Unused Serialized files (Serialized files now loaded: 0)
System memory in use before: 67.4 MB.
System memory in use after: 67.5 MB.

Unloading 19 unused Assets to reduce memory usage. Loaded Objects now: 1932.
Total: 5.118300 ms (FindLiveObjects: 0.272500 ms CreateObjectMapping: 0.133300 ms MarkObjects: 4.598000 ms  DeleteObjects: 0.112500 ms)

AssetImportParameters requested are different than current active one (requested -> active):
  custom:framework-win-MediaFoundation: 216162199b28c13a410421893ffa2e32 -> 
  custom:video-decoder-ogg-theora: a1e56fd34408186e4bbccfd4996cb3dc -> 
  custom:container-muxer-webm: aa71ff27fc2769a1b78a27578f13a17b -> 
  custom:container-demuxer-webm: 4f35f7cbe854078d1ac9338744f61a02 -> 
  custom:container-demuxer-ogg: 62fdf1f143b41e24485cea50d1cbac27 -> 
  custom:video-encoder-webm-vp8: eb34c28f22e8b96e1ab97ce403110664 -> 
  custom:video-decoder-webm-vp8: 9c59270c3fd7afecdb556c50c9e8de78 -> 
  custom:audio-decoder-ogg-vorbis: bf7c407c2cedff20999df2af8eb42d56 -> 
  custom:audio-encoder-webm-vorbis: bf7c407c2cedff20999df2af8eb42d56 -> 
========================================================================
Received Import Request.
  path: Assets/New Folder
  artifactKey: Guid(2538c10d981514b4db4fe611ca3efcbc) Importer(815301076,1909f56bfc062723c751e8b465ee728b)
Start importing Assets/New Folder using Guid(2538c10d981514b4db4fe611ca3efcbc) Importer(815301076,1909f56bfc062723c751e8b465ee728b)  -> (artifact id: 'd9727ae6e1ef870e937b74535e161f2c') in 0.008048 seconds 
  Import took 0.011224 seconds .

========================================================================
Received Import Request.
  Time since last request: 1129.068474 seconds.
  path: Assets/Scenes/SampleScene.unity
  artifactKey: Guid(9fc0d4010bbf28b4594072e72b8655ab) Importer(815301076,1909f56bfc062723c751e8b465ee728b)
Start importing Assets/Scenes/SampleScene.unity using Guid(9fc0d4010bbf28b4594072e72b8655ab) Importer(815301076,1909f56bfc062723c751e8b465ee728b)  -> (artifact id: 'fbcddbb1fce92fbf46736b03fe7a3516') in 0.024363 seconds 
  Import took 0.029178 seconds .

========================================================================
Received Prepare
Registering precompiled user dll's ...
Registered in 0.016127 seconds.
Begin MonoManager ReloadAssembly
Native extension for WindowsStandalone target not found
Refreshing native plugins compatible for Editor in 0.42 ms, found 2 plugins.
Preloading 0 native plugins for Editor in 0.00 ms.
Mono: successfully reloaded assembly
- Completed reload, in  1.416 seconds
Domain Reload Profiling:
	ReloadAssembly (1417ms)
		BeginReloadAssembly (247ms)
			ExecutionOrderSort (0ms)
			DisableScriptedObjects (9ms)
			BackupInstance (0ms)
			ReleaseScriptingObjects (0ms)
			CreateAndSetChildDomain (47ms)
		EndReloadAssembly (1070ms)
			LoadAssemblies (208ms)
			RebuildTransferFunctionScriptingTraits (0ms)
			SetupTypeCache (346ms)
			ReleaseScriptCaches (1ms)
			RebuildScriptCaches (44ms)
			SetupLoadedEditorAssemblies (423ms)
				LogAssemblyErrors (0ms)
				InitializePlatformSupportModulesInManaged (8ms)
				SetLoadedEditorAssemblies (1ms)
				RefreshPlugins (1ms)
				BeforeProcessingInitializeOnLoad (98ms)
				ProcessInitializeOnLoadAttributes (280ms)
				ProcessInitializeOnLoadMethodAttributes (12ms)
				AfterProcessingInitializeOnLoad (22ms)
				EditorAssembliesLoaded (0ms)
			ExecutionOrderSort2 (0ms)
			AwakeInstancesAfterBackupRestoration (8ms)
Platform modules already initialized, skipping
Refreshing native plugins compatible for Editor in 0.74 ms, found 2 plugins.
Preloading 0 native plugins for Editor in 0.00 ms.
Unloading 1494 Unused Serialized files (Serialized files now loaded: 0)
System memory in use before: 67.3 MB.
System memory in use after: 67.4 MB.

Unloading 14 unused Assets to reduce memory usage. Loaded Objects now: 1934.
Total: 5.531600 ms (FindLiveObjects: 0.252300 ms CreateObjectMapping: 0.128800 ms MarkObjects: 5.114800 ms  DeleteObjects: 0.033300 ms)

AssetImportParameters requested are different than current active one (requested -> active):
  custom:framework-win-MediaFoundation: 216162199b28c13a410421893ffa2e32 -> 
  custom:video-decoder-ogg-theora: a1e56fd34408186e4bbccfd4996cb3dc -> 
  custom:container-muxer-webm: aa71ff27fc2769a1b78a27578f13a17b -> 
  custom:container-demuxer-webm: 4f35f7cbe854078d1ac9338744f61a02 -> 
  custom:container-demuxer-ogg: 62fdf1f143b41e24485cea50d1cbac27 -> 
  custom:video-encoder-webm-vp8: eb34c28f22e8b96e1ab97ce403110664 -> 
  custom:video-decoder-webm-vp8: 9c59270c3fd7afecdb556c50c9e8de78 -> 
  custom:audio-decoder-ogg-vorbis: bf7c407c2cedff20999df2af8eb42d56 -> 
  custom:audio-encoder-webm-vorbis: bf7c407c2cedff20999df2af8eb42d56 -> 
========================================================================
Received Import Request.
  Time since last request: 601.490283 seconds.
  path: Assets/Scenes/Title.unity
  artifactKey: Guid(0ffd24c882938f947aac1141955f8afb) Importer(815301076,1909f56bfc062723c751e8b465ee728b)
Start importing Assets/Scenes/Title.unity using Guid(0ffd24c882938f947aac1141955f8afb) Importer(815301076,1909f56bfc062723c751e8b465ee728b)  -> (artifact id: 'ebfebe65771b88173d877d0d64766dd6') in 0.030535 seconds 
  Import took 0.034232 seconds .

========================================================================
Received Import Request.
  Time since last request: 318.183492 seconds.
  path: Assets/falcon-9-rocket-4k-high-definition-wallpaper-preview.jpg
  artifactKey: Guid(6fd7a92c34457eb4fa48f93b2601918e) Importer(815301076,1909f56bfc062723c751e8b465ee728b)
Start importing Assets/falcon-9-rocket-4k-high-definition-wallpaper-preview.jpg using Guid(6fd7a92c34457eb4fa48f93b2601918e) Importer(815301076,1909f56bfc062723c751e8b465ee728b)  -> (artifact id: '08e801c5d7114c76200e9119ccca230a') in 0.126527 seconds 
  Import took 0.133158 seconds .

========================================================================
Received Import Request.
  Time since last request: 7.376823 seconds.
  path: Assets/falcon-9-rocket-4k-high-definition-wallpaper-preview.jpg
  artifactKey: Guid(6fd7a92c34457eb4fa48f93b2601918e) Importer(815301076,1909f56bfc062723c751e8b465ee728b)
Start importing Assets/falcon-9-rocket-4k-high-definition-wallpaper-preview.jpg using Guid(6fd7a92c34457eb4fa48f93b2601918e) Importer(815301076,1909f56bfc062723c751e8b465ee728b)  -> (artifact id: '4ccad430dbe951a8320e7f27c3f0b0c4') in 0.091681 seconds 
  Import took 0.094954 seconds .

========================================================================
Received Import Request.
  Time since last request: 776.562590 seconds.
  path: Assets/Scenes/SampleScene.unity
  artifactKey: Guid(9fc0d4010bbf28b4594072e72b8655ab) Importer(815301076,1909f56bfc062723c751e8b465ee728b)
Start importing Assets/Scenes/SampleScene.unity using Guid(9fc0d4010bbf28b4594072e72b8655ab) Importer(815301076,1909f56bfc062723c751e8b465ee728b)  -> (artifact id: 'ec673a0f6701966481d0a4e152488157') in 0.009234 seconds 
  Import took 0.014438 seconds .

========================================================================
Received Import Request.
  Time since last request: 1.196535 seconds.
  path: Assets/Scenes/Title.unity
  artifactKey: Guid(0ffd24c882938f947aac1141955f8afb) Importer(815301076,1909f56bfc062723c751e8b465ee728b)
Start importing Assets/Scenes/Title.unity using Guid(0ffd24c882938f947aac1141955f8afb) Importer(815301076,1909f56bfc062723c751e8b465ee728b)  -> (artifact id: 'b92cc8427e86c7bbdaed0b7fa7ac79d4') in 0.007900 seconds 
  Import took 0.012296 seconds .

========================================================================
Received Import Request.
  Time since last request: 612.882450 seconds.
  path: Assets/New Material.mat
  artifactKey: Guid(a508c7b1433a6684898d40af3904b90c) Importer(815301076,1909f56bfc062723c751e8b465ee728b)
Start importing Assets/New Material.mat using Guid(a508c7b1433a6684898d40af3904b90c) Importer(815301076,1909f56bfc062723c751e8b465ee728b)  -> (artifact id: '840abe0674981a83c7624f87784d4761') in 0.137586 seconds 
  Import took 0.141820 seconds .

========================================================================
Received Import Request.
  Time since last request: 11.604845 seconds.
  path: Assets/wheel.mat
  artifactKey: Guid(a508c7b1433a6684898d40af3904b90c) Importer(815301076,1909f56bfc062723c751e8b465ee728b)
Start importing Assets/wheel.mat using Guid(a508c7b1433a6684898d40af3904b90c) Importer(815301076,1909f56bfc062723c751e8b465ee728b)  -> (artifact id: 'c04b90c8e8f03a8fe4ff00ee8eb9e39a') in 0.024119 seconds 
  Import took 0.028728 seconds .

========================================================================
Received Import Request.
  Time since last request: 59.511571 seconds.
  path: Assets/cube.mat
  artifactKey: Guid(bb3490de19c0af74698d2882d426b6b4) Importer(815301076,1909f56bfc062723c751e8b465ee728b)
Start importing Assets/cube.mat using Guid(bb3490de19c0af74698d2882d426b6b4) Importer(815301076,1909f56bfc062723c751e8b465ee728b)  -> (artifact id: 'bf3d12c1a95fb5aa5adb7e4bf21f79b1') in 0.029199 seconds 
  Import took 0.034358 seconds .

========================================================================
Received Import Request.
  Time since last request: 519.063078 seconds.
  path: Assets/cube.mat
  artifactKey: Guid(bb3490de19c0af74698d2882d426b6b4) Importer(815301076,1909f56bfc062723c751e8b465ee728b)
Start importing Assets/cube.mat using Guid(bb3490de19c0af74698d2882d426b6b4) Importer(815301076,1909f56bfc062723c751e8b465ee728b)  -> (artifact id: 'c33d95d0c4b3eb4220542435eebfc006') in 0.042812 seconds 
  Import took 0.047817 seconds .

========================================================================
Received Import Request.
  Time since last request: 0.000567 seconds.
  path: Assets/wheel.mat
  artifactKey: Guid(a508c7b1433a6684898d40af3904b90c) Importer(815301076,1909f56bfc062723c751e8b465ee728b)
Start importing Assets/wheel.mat using Guid(a508c7b1433a6684898d40af3904b90c) Importer(815301076,1909f56bfc062723c751e8b465ee728b)  -> (artifact id: 'ff2031faf24d55c6f3599297e1264870') in 0.026526 seconds 
  Import took 0.032834 seconds .

========================================================================
Received Import Request.
  Time since last request: 14.284826 seconds.
  path: Assets
  artifactKey: Guid(00000000000000001000000000000000) Importer(815301076,1909f56bfc062723c751e8b465ee728b)
Start importing Assets using Guid(00000000000000001000000000000000) Importer(815301076,1909f56bfc062723c751e8b465ee728b)  -> (artifact id: '42d402b061de3733987d63b9cc3b64de') in 0.008811 seconds 
  Import took 0.014484 seconds .

========================================================================
Received Import Request.
  Time since last request: 26.023394 seconds.
  path: Assets/Plane.mat
  artifactKey: Guid(41e5bc767698c024cae3c218bf597c95) Importer(815301076,1909f56bfc062723c751e8b465ee728b)
Start importing Assets/Plane.mat using Guid(41e5bc767698c024cae3c218bf597c95) Importer(815301076,1909f56bfc062723c751e8b465ee728b)  -> (artifact id: '6c726a6f2487ff19cf96079dbec32231') in 0.033815 seconds 
  Import took 0.037921 seconds .

========================================================================
Received Import Request.
  Time since last request: 37.848137 seconds.
  path: Assets/Plane.mat
  artifactKey: Guid(41e5bc767698c024cae3c218bf597c95) Importer(815301076,1909f56bfc062723c751e8b465ee728b)
Start importing Assets/Plane.mat using Guid(41e5bc767698c024cae3c218bf597c95) Importer(815301076,1909f56bfc062723c751e8b465ee728b)  -> (artifact id: '446a59768828e64fb657500b7aa5dcb1') in 0.027905 seconds 
  Import took 0.033112 seconds .

========================================================================
Received Import Request.
  Time since last request: 4.366522 seconds.
  path: Assets/Scenes/Play.unity
  artifactKey: Guid(177d419ed090b9647af45acfaf0a997d) Importer(815301076,1909f56bfc062723c751e8b465ee728b)
Start importing Assets/Scenes/Play.unity using Guid(177d419ed090b9647af45acfaf0a997d) Importer(815301076,1909f56bfc062723c751e8b465ee728b)  -> (artifact id: 'fefff803e22bbd08e03428182f69f0b1') in 0.010920 seconds 
  Import took 0.016018 seconds .

========================================================================
Received Import Request.
  Time since last request: 94.001113 seconds.
  path: Assets/Scenes/Play.unity
  artifactKey: Guid(177d419ed090b9647af45acfaf0a997d) Importer(815301076,1909f56bfc062723c751e8b465ee728b)
Start importing Assets/Scenes/Play.unity using Guid(177d419ed090b9647af45acfaf0a997d) Importer(815301076,1909f56bfc062723c751e8b465ee728b)  -> (artifact id: '6343773cb6e77c2b7d95c73a0ed39a9a') in 0.010147 seconds 
  Import took 0.014724 seconds .

========================================================================
Received Prepare
Refreshing native plugins compatible for Editor in 19.00 ms, found 2 plugins.
Preloading 0 native plugins for Editor in 0.00 ms.
Unloading 12 Unused Serialized files (Serialized files now loaded: 0)
System memory in use before: 41.7 MB.
System memory in use after: 41.8 MB.

Unloading 12 unused Assets to reduce memory usage. Loaded Objects now: 1977.
Total: 8.161100 ms (FindLiveObjects: 0.235500 ms CreateObjectMapping: 0.108100 ms MarkObjects: 7.788400 ms  DeleteObjects: 0.026900 ms)

AssetImportParameters requested are different than current active one (requested -> active):
  custom:framework-win-MediaFoundation: 216162199b28c13a410421893ffa2e32 -> 
  custom:video-decoder-ogg-theora: a1e56fd34408186e4bbccfd4996cb3dc -> 
  custom:container-muxer-webm: aa71ff27fc2769a1b78a27578f13a17b -> 
  custom:container-demuxer-webm: 4f35f7cbe854078d1ac9338744f61a02 -> 
  custom:container-demuxer-ogg: 62fdf1f143b41e24485cea50d1cbac27 -> 
  custom:video-encoder-webm-vp8: eb34c28f22e8b96e1ab97ce403110664 -> 
  custom:video-decoder-webm-vp8: 9c59270c3fd7afecdb556c50c9e8de78 -> 
  custom:audio-decoder-ogg-vorbis: bf7c407c2cedff20999df2af8eb42d56 -> 
  custom:audio-encoder-webm-vorbis: bf7c407c2cedff20999df2af8eb42d56 -> 
AssetImportWorkerClient::OnTransportError - code=2 error=End of file
